<?xml version="1.0" encoding="UTF-8"?>
<!-- Generated by org.testng.reporters.JUnitReportReporter -->
<testsuite skipped="0" hostname="SILCP0102" name="testCases.Purdue_Feature_PositiveTesting" tests="22" failures="0" timestamp="26 Sep 2017 12:10:16 GMT" time="1006.969" errors="0">
  <testcase name="verifyEnterAsGuestSelection" time="59.337" classname="testCases.Purdue_Feature_PositiveTesting"/>
  <testcase name="verifyRegisterYourDeviceSelection" time="2.212" classname="testCases.Purdue_Feature_PositiveTesting"/>
  <testcase name="verifyContactUsIcon" time="5.346" classname="testCases.Purdue_Feature_PositiveTesting"/>
  <testcase name="enterCorrectDomain" time="42.513" classname="testCases.Purdue_Feature_PositiveTesting"/>
  <testcase name="loginAsGuest" time="88.227" classname="testCases.Purdue_Feature_PositiveTesting"/>
  <testcase name="verifyFAQInformation" time="23.054" classname="testCases.Purdue_Feature_PositiveTesting"/>
  <testcase name="verifyLogoutIcon" time="31.488" classname="testCases.Purdue_Feature_PositiveTesting"/>
  <testcase name="uiFieldsabovefooter" time="75.164" classname="testCases.Purdue_Feature_PositiveTesting"/>
  <testcase name="verifyTheGlobalFooter" time="6.344" classname="testCases.Purdue_Feature_PositiveTesting"/>
  <testcase name="DefaultMessageVerification" time="2.183" classname="testCases.Purdue_Feature_PositiveTesting"/>
  <testcase name="MessageSelection" time="6.022" classname="testCases.Purdue_Feature_PositiveTesting"/>
  <testcase name="columnHeaderLeftToRightVerify" time="2.510" classname="testCases.Purdue_Feature_PositiveTesting"/>
  <testcase name="channelHeaderAlphabeticOrder" time="14.646" classname="testCases.Purdue_Feature_PositiveTesting"/>
  <testcase name="verifyclickablelinks" time="16.083" classname="testCases.Purdue_Feature_PositiveTesting"/>
  <testcase name="downloadButtonFunctionality" time="122.430" classname="testCases.Purdue_Feature_PositiveTesting"/>
  <testcase name="verifyDownloadFilename" time="3.428" classname="testCases.Purdue_Feature_PositiveTesting"/>
  <testcase name="selectHCPClearedofPreviousSelection" time="71.745" classname="testCases.Purdue_Feature_PositiveTesting"/>
  <testcase name="selectAreaClearedofPreviousSelection" time="69.152" classname="testCases.Purdue_Feature_PositiveTesting"/>
  <testcase name="verifyLogoNavbar" time="98.772" classname="testCases.Purdue_Feature_PositiveTesting"/>
  <testcase name="verifyNativeNavigation" time="97.810" classname="testCases.Purdue_Feature_PositiveTesting"/>
  <testcase name="selecttheproduct" time="151.501" classname="testCases.Purdue_Feature_PositiveTesting"/>
  <testcase name="selectmouseoverchannel" time="17.002" classname="testCases.Purdue_Feature_PositiveTesting"/>
</testsuite> <!-- testCases.Purdue_Feature_PositiveTesting -->
