<?xml version="1.0" encoding="UTF-8"?>
<!-- Generated by org.testng.reporters.JUnitReportReporter -->
<testsuite skipped="0" hostname="SILCP0102" name="testCases.Purdue_Feature_NegativeTesting" tests="11" failures="0" timestamp="26 Sep 2017 12:31:57 GMT" time="832.357" errors="0">
  <testcase name="enterincorrectmailid" time="35.204" classname="testCases.Purdue_Feature_NegativeTesting"/>
  <testcase name="verifyEmailWithoutTypingAnything" time="48.449" classname="testCases.Purdue_Feature_NegativeTesting"/>
  <testcase name="loginAsGuestWithRegisterYourDeviceTokenKey" time="142.722" classname="testCases.Purdue_Feature_NegativeTesting"/>
  <testcase name="loginAsRegisteredUserWithGuestTokenKey" time="92.116" classname="testCases.Purdue_Feature_NegativeTesting"/>
  <testcase name="enterNotLatestToken" time="96.484" classname="testCases.Purdue_Feature_NegativeTesting"/>
  <testcase name="enterIncorrectToken" time="49.160" classname="testCases.Purdue_Feature_NegativeTesting"/>
  <testcase name="verifyWrongDomain" time="43.507" classname="testCases.Purdue_Feature_NegativeTesting"/>
  <testcase name="verifyprintbuttonNOplan" time="82.590" classname="testCases.Purdue_Feature_NegativeTesting"/>
  <testcase name="verifyMaxNoPlanPlusOne" time="108.201" classname="testCases.Purdue_Feature_NegativeTesting"/>
  <testcase name="verifynonclickablelinks" time="98.911" classname="testCases.Purdue_Feature_NegativeTesting"/>
  <testcase name="verifyWrongDropDownInput" time="35.013" classname="testCases.Purdue_Feature_NegativeTesting"/>
</testsuite> <!-- testCases.Purdue_Feature_NegativeTesting -->
