<?xml version="1.0" encoding="UTF-8"?>
<!-- Generated by org.testng.reporters.JUnitReportReporter -->
<testsuite skipped="0" hostname="SILCP0102" name="testCases.Purdue_allin1" tests="1" failures="0" timestamp="22 Sep 2017 12:19:34 GMT" time="129.075" errors="0">
  <testcase name="purdue" time="129.075" classname="testCases.Purdue_allin1"/>
</testsuite> <!-- testCases.Purdue_allin1 -->
